<!DOCTYPE html PUBLIC "-//W3C//DTD XHTML 1.1//EN" "http://www.w3.org/TR/xhtml11/DTD/xhtml11.dtd">
<html xmlns="http://www.w3.org/1999/xhtml">
<head>
<meta http-equiv="content-type" content="text/html; charset=UTF-8"/>
<title>TestNG Report</title>
<style type="text/css">table {margin-bottom:10px;border-collapse:collapse;empty-cells:show}th,td {border:1px solid #009;padding:.25em .5em}th {vertical-align:bottom}td {vertical-align:top}table a {font-weight:bold}.stripe td {background-color: #E6EBF9}.num {text-align:right}.passedodd td {background-color: #3F3}.passedeven td {background-color: #0A0}.skippedodd td {background-color: #DDD}.skippedeven td {background-color: #CCC}.failedodd td,.attn {background-color: #F33}.failedeven td,.stripe .attn {background-color: #D00}.stacktrace {white-space:pre;font-family:monospace}.totop {font-size:85%;text-align:center;border-bottom:2px solid #000}.invisible {display:none}</style>
</head>
<body>
<table>
<tr><th>Test</th><th># Passed</th><th># Skipped</th><th># Failed</th><th>Time (ms)</th><th>Included Groups</th><th>Excluded Groups</th></tr>
<tr><th colspan="7">Suite</th></tr>
<tr><td><a href="#t0">SignInTest</a></td><td class="num">0</td><td class="num">0</td><td class="num attn">1</td><td class="num">81,271</td><td></td><td></td></tr>
<tr class="stripe"><td><a href="#t1">GalacTioTest</a></td><td class="num">0</td><td class="num">0</td><td class="num attn">1</td><td class="num">53,337</td><td></td><td></td></tr>
<tr><td><a href="#t2">GPSNavigationTestTest</a></td><td class="num">1</td><td class="num">0</td><td class="num">0</td><td class="num">74,998</td><td></td><td></td></tr>
<tr><th>Total</th><th class="num">1</th><th class="num">0</th><th class="num attn">2</th><th class="num">209,606</th><th colspan="2"></th></tr>
</table>
<table id='summary'><thead><tr><th>Class</th><th>Method</th><th>Start</th><th>Time (ms)</th></tr></thead><tbody><tr><th colspan="4">Suite</th></tr></tbody><tbody id="t0"><tr><th colspan="4">SignInTest &#8212; failed</th></tr><tr class="failedeven"><td rowspan="1">com.mapsynq.TestCases.SignInTestCase</td><td><a href="#m0">InvalidSignIn</a></td><td rowspan="1">1575987230535</td><td rowspan="1">34462</td></tr></tbody>
<tbody id="t1"><tr><th colspan="4">GalacTioTest &#8212; failed</th></tr><tr class="failedeven"><td rowspan="1">com.mapsynq.TestCases.GalatioTestCase</td><td><a href="#m1">GalactioLaunch</a></td><td rowspan="1">1575987309545</td><td rowspan="1">3329</td></tr></tbody>
<tbody id="t2"><tr><th colspan="4">GPSNavigationTestTest &#8212; passed</th></tr><tr class="passedeven"><td rowspan="1">com.mapsynq.TestCases.GPSNavigationTestCase</td><td><a href="#m2">GPSNavigationLaunch</a></td><td rowspan="1">1575987371493</td><td rowspan="1">21394</td></tr></tbody>
</table>
<h2>SignInTest</h2><h3 id="m0">com.mapsynq.TestCases.SignInTestCase#InvalidSignIn</h3><table class="result"><tr><th>Messages</th></tr><tr><td><div class="messages">Cpaturing Screenshot<br/><a target="_blank" href=D:\AutomationTesting\mapsynqAutomationSuite\target\surefire-reports\Tue_Dec_10_19_44_26_IST_2019.jpg>Screenshot</a></div></td></tr><tr><th>Exception</th></tr><tr><td><div class="stacktrace">org.openqa.selenium.NoSuchElementException: no such element: Unable to locate element: {&quot;method&quot;:&quot;css selector&quot;,&quot;selector&quot;:&quot;#name&quot;}
  (Session info: chrome=78.0.3904.108)
For documentation on this error, please visit: https://www.seleniumhq.org/exceptions/no_such_element.html
Build info: version: &apos;3.141.59&apos;, revision: &apos;e82be7d358&apos;, time: &apos;2018-11-14T08:17:03&apos;
System info: host: &apos;DESKTOP-PCG3QI7&apos;, ip: &apos;192.168.2.2&apos;, os.name: &apos;Windows 10&apos;, os.arch: &apos;amd64&apos;, os.version: &apos;10.0&apos;, java.version: &apos;1.8.0_161&apos;
Driver info: org.openqa.selenium.chrome.ChromeDriver
Capabilities {acceptInsecureCerts: false, browserName: chrome, browserVersion: 78.0.3904.108, chrome: {chromedriverVersion: 78.0.3904.105 (60e2d8774a81..., userDataDir: C:\Users\HP\AppData\Local\T...}, goog:chromeOptions: {debuggerAddress: localhost:51450}, javascriptEnabled: true, networkConnectionEnabled: false, pageLoadStrategy: normal, platform: XP, platformName: XP, proxy: Proxy(), setWindowRect: true, strictFileInteractability: false, timeouts: {implicit: 0, pageLoad: 300000, script: 30000}, unhandledPromptBehavior: dismiss and notify}
Session ID: ec8350fada80081fc0202c5bda6dfca4
*** Element info: {Using=id, value=name}
	at org.openqa.selenium.remote.http.W3CHttpResponseCodec.createException(W3CHttpResponseCodec.java:187)
	at org.openqa.selenium.remote.http.W3CHttpResponseCodec.decode(W3CHttpResponseCodec.java:122)
	at org.openqa.selenium.remote.http.W3CHttpResponseCodec.decode(W3CHttpResponseCodec.java:49)
	at org.openqa.selenium.remote.HttpCommandExecutor.execute(HttpCommandExecutor.java:158)
	at org.openqa.selenium.remote.service.DriverCommandExecutor.execute(DriverCommandExecutor.java:83)
	at org.openqa.selenium.remote.RemoteWebDriver.execute(RemoteWebDriver.java:552)
	at org.openqa.selenium.remote.RemoteWebDriver.findElement(RemoteWebDriver.java:323)
	at org.openqa.selenium.remote.RemoteWebDriver.findElementById(RemoteWebDriver.java:372)
	at org.openqa.selenium.By$ById.findElement(By.java:188)
	at org.openqa.selenium.remote.RemoteWebDriver.findElement(RemoteWebDriver.java:315)
	at org.openqa.selenium.support.pagefactory.DefaultElementLocator.findElement(DefaultElementLocator.java:69)
	at org.openqa.selenium.support.pagefactory.internal.LocatingElementHandler.invoke(LocatingElementHandler.java:38)
	at com.sun.proxy.$Proxy9.sendKeys(Unknown Source)
	at com.mapsynq.TestCases.SignInTestCase.InvalidSignIn(SignInTestCase.java:30)
... Removed 33 stack frames</div></td></tr></table><p class="totop"><a href="#summary">back to summary</a></p>
<h2>GalacTioTest</h2><h3 id="m1">com.mapsynq.TestCases.GalatioTestCase#GalactioLaunch</h3><table class="result"><tr><th>Messages</th></tr><tr><td><div class="messages">Cpaturing Screenshot<br/><a target="_blank" href=D:\AutomationTesting\mapsynqAutomationSuite\target\surefire-reports\Tue_Dec_10_19_45_13_IST_2019.jpg>Screenshot</a></div></td></tr><tr><th>Exception</th></tr><tr><td><div class="stacktrace">java.lang.AssertionError: expected [true] but found [false]
	at com.mapsynq.TestCases.GalatioTestCase.GalactioLaunch(GalatioTestCase.java:36)
... Removed 33 stack frames</div></td></tr></table><p class="totop"><a href="#summary">back to summary</a></p>
<h2>GPSNavigationTestTest</h2><h3 id="m2">com.mapsynq.TestCases.GPSNavigationTestCase#GPSNavigationLaunch</h3><table class="result"><tr><th class="invisible"/></tr></table><p class="totop"><a href="#summary">back to summary</a></p>
</body>
</html>
