<?xml version="1.0" encoding="UTF-8"?>
<testng-results skipped="0" failed="2" ignored="0" total="3" passed="1">
  <reporter-output>
    <line>
      <![CDATA[Cpaturing Screenshot]]>
    </line>
    <line>
      <![CDATA[<a target="_blank" href=D:\AutomationTesting\mapsynqAutomationSuite\target\surefire-reports\Tue_Dec_10_19_44_26_IST_2019.jpg>Screenshot</a>]]>
    </line>
    <line>
      <![CDATA[Cpaturing Screenshot]]>
    </line>
    <line>
      <![CDATA[<a target="_blank" href=D:\AutomationTesting\mapsynqAutomationSuite\target\surefire-reports\Tue_Dec_10_19_45_13_IST_2019.jpg>Screenshot</a>]]>
    </line>
  </reporter-output>
  <suite name="Suite" duration-ms="209992" started-at="2019-12-10T14:13:06Z" finished-at="2019-12-10T14:16:36Z">
    <groups>
      <group name="smoke">
        <method signature="SignInTestCase.InvalidSignIn()[pri:0, instance:com.mapsynq.TestCases.SignInTestCase@10a035a0]" name="InvalidSignIn" class="com.mapsynq.TestCases.SignInTestCase"/>
        <method signature="GalatioTestCase.GalactioLaunch()[pri:0, instance:com.mapsynq.TestCases.GalatioTestCase@5fdba6f9]" name="GalactioLaunch" class="com.mapsynq.TestCases.GalatioTestCase"/>
        <method signature="GPSNavigationTestCase.GPSNavigationLaunch()[pri:0, instance:com.mapsynq.TestCases.GPSNavigationTestCase@3b94d659]" name="GPSNavigationLaunch" class="com.mapsynq.TestCases.GPSNavigationTestCase"/>
      </group> <!-- smoke -->
    </groups>
    <test name="SignInTest" duration-ms="81271" started-at="2019-12-10T14:13:06Z" finished-at="2019-12-10T14:14:28Z">
      <class name="com.mapsynq.TestCases.SignInTestCase">
        <test-method status="PASS" signature="BeforeTest()[pri:0, instance:com.mapsynq.TestCases.SignInTestCase@10a035a0]" name="BeforeTest" is-config="true" duration-ms="43149" started-at="2019-12-10T14:13:06Z" description="Driver initilization and pre test setup" finished-at="2019-12-10T14:13:50Z">
          <reporter-output>
          </reporter-output>
        </test-method> <!-- BeforeTest -->
        <test-method status="FAIL" signature="InvalidSignIn()[pri:0, instance:com.mapsynq.TestCases.SignInTestCase@10a035a0]" name="InvalidSignIn" duration-ms="34462" started-at="2019-12-10T14:13:50Z" description="Invalid SignIn" finished-at="2019-12-10T14:14:24Z">
          <exception class="org.openqa.selenium.NoSuchElementException">
            <message>
              <![CDATA[no such element: Unable to locate element: {"method":"css selector","selector":"#name"}
  (Session info: chrome=78.0.3904.108)
For documentation on this error, please visit: https://www.seleniumhq.org/exceptions/no_such_element.html
Build info: version: '3.141.59', revision: 'e82be7d358', time: '2018-11-14T08:17:03'
System info: host: 'DESKTOP-PCG3QI7', ip: '192.168.2.2', os.name: 'Windows 10', os.arch: 'amd64', os.version: '10.0', java.version: '1.8.0_161'
Driver info: org.openqa.selenium.chrome.ChromeDriver
Capabilities {acceptInsecureCerts: false, browserName: chrome, browserVersion: 78.0.3904.108, chrome: {chromedriverVersion: 78.0.3904.105 (60e2d8774a81..., userDataDir: C:\Users\HP\AppData\Local\T...}, goog:chromeOptions: {debuggerAddress: localhost:51450}, javascriptEnabled: true, networkConnectionEnabled: false, pageLoadStrategy: normal, platform: XP, platformName: XP, proxy: Proxy(), setWindowRect: true, strictFileInteractability: false, timeouts: {implicit: 0, pageLoad: 300000, script: 30000}, unhandledPromptBehavior: dismiss and notify}
Session ID: ec8350fada80081fc0202c5bda6dfca4
*** Element info: {Using=id, value=name}]]>
            </message>
            <full-stacktrace>
              <![CDATA[org.openqa.selenium.NoSuchElementException: no such element: Unable to locate element: {"method":"css selector","selector":"#name"}
  (Session info: chrome=78.0.3904.108)
For documentation on this error, please visit: https://www.seleniumhq.org/exceptions/no_such_element.html
Build info: version: '3.141.59', revision: 'e82be7d358', time: '2018-11-14T08:17:03'
System info: host: 'DESKTOP-PCG3QI7', ip: '192.168.2.2', os.name: 'Windows 10', os.arch: 'amd64', os.version: '10.0', java.version: '1.8.0_161'
Driver info: org.openqa.selenium.chrome.ChromeDriver
Capabilities {acceptInsecureCerts: false, browserName: chrome, browserVersion: 78.0.3904.108, chrome: {chromedriverVersion: 78.0.3904.105 (60e2d8774a81..., userDataDir: C:\Users\HP\AppData\Local\T...}, goog:chromeOptions: {debuggerAddress: localhost:51450}, javascriptEnabled: true, networkConnectionEnabled: false, pageLoadStrategy: normal, platform: XP, platformName: XP, proxy: Proxy(), setWindowRect: true, strictFileInteractability: false, timeouts: {implicit: 0, pageLoad: 300000, script: 30000}, unhandledPromptBehavior: dismiss and notify}
Session ID: ec8350fada80081fc0202c5bda6dfca4
*** Element info: {Using=id, value=name}
at sun.reflect.NativeConstructorAccessorImpl.newInstance0(Native Method)
at sun.reflect.NativeConstructorAccessorImpl.newInstance(NativeConstructorAccessorImpl.java:62)
at sun.reflect.DelegatingConstructorAccessorImpl.newInstance(DelegatingConstructorAccessorImpl.java:45)
at java.lang.reflect.Constructor.newInstance(Constructor.java:423)
at org.openqa.selenium.remote.http.W3CHttpResponseCodec.createException(W3CHttpResponseCodec.java:187)
at org.openqa.selenium.remote.http.W3CHttpResponseCodec.decode(W3CHttpResponseCodec.java:122)
at org.openqa.selenium.remote.http.W3CHttpResponseCodec.decode(W3CHttpResponseCodec.java:49)
at org.openqa.selenium.remote.HttpCommandExecutor.execute(HttpCommandExecutor.java:158)
at org.openqa.selenium.remote.service.DriverCommandExecutor.execute(DriverCommandExecutor.java:83)
at org.openqa.selenium.remote.RemoteWebDriver.execute(RemoteWebDriver.java:552)
at org.openqa.selenium.remote.RemoteWebDriver.findElement(RemoteWebDriver.java:323)
at org.openqa.selenium.remote.RemoteWebDriver.findElementById(RemoteWebDriver.java:372)
at org.openqa.selenium.By$ById.findElement(By.java:188)
at org.openqa.selenium.remote.RemoteWebDriver.findElement(RemoteWebDriver.java:315)
at org.openqa.selenium.support.pagefactory.DefaultElementLocator.findElement(DefaultElementLocator.java:69)
at org.openqa.selenium.support.pagefactory.internal.LocatingElementHandler.invoke(LocatingElementHandler.java:38)
at com.sun.proxy.$Proxy9.sendKeys(Unknown Source)
at com.mapsynq.TestCases.SignInTestCase.InvalidSignIn(SignInTestCase.java:30)
at sun.reflect.NativeMethodAccessorImpl.invoke0(Native Method)
at sun.reflect.NativeMethodAccessorImpl.invoke(NativeMethodAccessorImpl.java:62)
at sun.reflect.DelegatingMethodAccessorImpl.invoke(DelegatingMethodAccessorImpl.java:43)
at java.lang.reflect.Method.invoke(Method.java:498)
at org.testng.internal.MethodInvocationHelper.invokeMethod(MethodInvocationHelper.java:124)
at org.testng.internal.Invoker.invokeMethod(Invoker.java:583)
at org.testng.internal.Invoker.invokeTestMethod(Invoker.java:719)
at org.testng.internal.Invoker.invokeTestMethods(Invoker.java:989)
at org.testng.internal.TestMethodWorker.invokeTestMethods(TestMethodWorker.java:125)
at org.testng.internal.TestMethodWorker.run(TestMethodWorker.java:109)
at org.testng.TestRunner.privateRun(TestRunner.java:648)
at org.testng.TestRunner.run(TestRunner.java:505)
at org.testng.SuiteRunner.runTest(SuiteRunner.java:455)
at org.testng.SuiteRunner.runSequentially(SuiteRunner.java:450)
at org.testng.SuiteRunner.privateRun(SuiteRunner.java:415)
at org.testng.SuiteRunner.run(SuiteRunner.java:364)
at org.testng.SuiteRunnerWorker.runSuite(SuiteRunnerWorker.java:52)
at org.testng.SuiteRunnerWorker.run(SuiteRunnerWorker.java:84)
at org.testng.TestNG.runSuitesSequentially(TestNG.java:1208)
at org.testng.TestNG.runSuitesLocally(TestNG.java:1137)
at org.testng.TestNG.runSuites(TestNG.java:1049)
at org.testng.TestNG.run(TestNG.java:1017)
at org.apache.maven.surefire.testng.TestNGExecutor.run(TestNGExecutor.java:283)
at org.apache.maven.surefire.testng.TestNGXmlTestSuite.execute(TestNGXmlTestSuite.java:75)
at org.apache.maven.surefire.testng.TestNGProvider.invoke(TestNGProvider.java:120)
at org.apache.maven.surefire.booter.ForkedBooter.invokeProviderInSameClassLoader(ForkedBooter.java:384)
at org.apache.maven.surefire.booter.ForkedBooter.runSuitesInProcess(ForkedBooter.java:345)
at org.apache.maven.surefire.booter.ForkedBooter.execute(ForkedBooter.java:126)
at org.apache.maven.surefire.booter.ForkedBooter.main(ForkedBooter.java:418)
]]>
            </full-stacktrace>
          </exception> <!-- org.openqa.selenium.NoSuchElementException -->
          <reporter-output>
            <line>
              <![CDATA[Cpaturing Screenshot]]>
            </line>
            <line>
              <![CDATA[<a target="_blank" href=D:\AutomationTesting\mapsynqAutomationSuite\target\surefire-reports\Tue_Dec_10_19_44_26_IST_2019.jpg>Screenshot</a>]]>
            </line>
          </reporter-output>
        </test-method> <!-- InvalidSignIn -->
        <test-method status="PASS" signature="AfterTest()[pri:0, instance:com.mapsynq.TestCases.SignInTestCase@10a035a0]" name="AfterTest" is-config="true" duration-ms="1067" started-at="2019-12-10T14:14:27Z" description="Driver teardown" finished-at="2019-12-10T14:14:28Z">
          <reporter-output>
          </reporter-output>
        </test-method> <!-- AfterTest -->
      </class> <!-- com.mapsynq.TestCases.SignInTestCase -->
    </test> <!-- SignInTest -->
    <test name="GalacTioTest" duration-ms="53337" started-at="2019-12-10T14:14:28Z" finished-at="2019-12-10T14:15:21Z">
      <class name="com.mapsynq.TestCases.GalatioTestCase">
        <test-method status="PASS" signature="BeforeTest()[pri:0, instance:com.mapsynq.TestCases.GalatioTestCase@5fdba6f9]" name="BeforeTest" is-config="true" duration-ms="40999" started-at="2019-12-10T14:14:28Z" description="Driver initilization and pre test setup" finished-at="2019-12-10T14:15:09Z">
          <reporter-output>
          </reporter-output>
        </test-method> <!-- BeforeTest -->
        <test-method status="FAIL" signature="GalactioLaunch()[pri:0, instance:com.mapsynq.TestCases.GalatioTestCase@5fdba6f9]" name="GalactioLaunch" duration-ms="3329" started-at="2019-12-10T14:15:09Z" description="Successful Galactio Launched" finished-at="2019-12-10T14:15:12Z">
          <exception class="java.lang.AssertionError">
            <message>
              <![CDATA[expected [true] but found [false]]]>
            </message>
            <full-stacktrace>
              <![CDATA[java.lang.AssertionError: expected [true] but found [false]
at org.testng.Assert.fail(Assert.java:96)
at org.testng.Assert.failNotEquals(Assert.java:776)
at org.testng.Assert.assertTrue(Assert.java:44)
at org.testng.Assert.assertTrue(Assert.java:54)
at com.mapsynq.TestCases.GalatioTestCase.GalactioLaunch(GalatioTestCase.java:36)
at sun.reflect.NativeMethodAccessorImpl.invoke0(Native Method)
at sun.reflect.NativeMethodAccessorImpl.invoke(NativeMethodAccessorImpl.java:62)
at sun.reflect.DelegatingMethodAccessorImpl.invoke(DelegatingMethodAccessorImpl.java:43)
at java.lang.reflect.Method.invoke(Method.java:498)
at org.testng.internal.MethodInvocationHelper.invokeMethod(MethodInvocationHelper.java:124)
at org.testng.internal.Invoker.invokeMethod(Invoker.java:583)
at org.testng.internal.Invoker.invokeTestMethod(Invoker.java:719)
at org.testng.internal.Invoker.invokeTestMethods(Invoker.java:989)
at org.testng.internal.TestMethodWorker.invokeTestMethods(TestMethodWorker.java:125)
at org.testng.internal.TestMethodWorker.run(TestMethodWorker.java:109)
at org.testng.TestRunner.privateRun(TestRunner.java:648)
at org.testng.TestRunner.run(TestRunner.java:505)
at org.testng.SuiteRunner.runTest(SuiteRunner.java:455)
at org.testng.SuiteRunner.runSequentially(SuiteRunner.java:450)
at org.testng.SuiteRunner.privateRun(SuiteRunner.java:415)
at org.testng.SuiteRunner.run(SuiteRunner.java:364)
at org.testng.SuiteRunnerWorker.runSuite(SuiteRunnerWorker.java:52)
at org.testng.SuiteRunnerWorker.run(SuiteRunnerWorker.java:84)
at org.testng.TestNG.runSuitesSequentially(TestNG.java:1208)
at org.testng.TestNG.runSuitesLocally(TestNG.java:1137)
at org.testng.TestNG.runSuites(TestNG.java:1049)
at org.testng.TestNG.run(TestNG.java:1017)
at org.apache.maven.surefire.testng.TestNGExecutor.run(TestNGExecutor.java:283)
at org.apache.maven.surefire.testng.TestNGXmlTestSuite.execute(TestNGXmlTestSuite.java:75)
at org.apache.maven.surefire.testng.TestNGProvider.invoke(TestNGProvider.java:120)
at org.apache.maven.surefire.booter.ForkedBooter.invokeProviderInSameClassLoader(ForkedBooter.java:384)
at org.apache.maven.surefire.booter.ForkedBooter.runSuitesInProcess(ForkedBooter.java:345)
at org.apache.maven.surefire.booter.ForkedBooter.execute(ForkedBooter.java:126)
at org.apache.maven.surefire.booter.ForkedBooter.main(ForkedBooter.java:418)
]]>
            </full-stacktrace>
          </exception> <!-- java.lang.AssertionError -->
          <reporter-output>
            <line>
              <![CDATA[Cpaturing Screenshot]]>
            </line>
            <line>
              <![CDATA[<a target="_blank" href=D:\AutomationTesting\mapsynqAutomationSuite\target\surefire-reports\Tue_Dec_10_19_45_13_IST_2019.jpg>Screenshot</a>]]>
            </line>
          </reporter-output>
        </test-method> <!-- GalactioLaunch -->
        <test-method status="PASS" signature="AfterTest()[pri:0, instance:com.mapsynq.TestCases.GalatioTestCase@5fdba6f9]" name="AfterTest" is-config="true" duration-ms="1875" started-at="2019-12-10T14:15:20Z" description="Driver teardown" finished-at="2019-12-10T14:15:21Z">
          <reporter-output>
          </reporter-output>
        </test-method> <!-- AfterTest -->
      </class> <!-- com.mapsynq.TestCases.GalatioTestCase -->
    </test> <!-- GalacTioTest -->
    <test name="GPSNavigationTestTest" duration-ms="74998" started-at="2019-12-10T14:15:21Z" finished-at="2019-12-10T14:16:36Z">
      <class name="com.mapsynq.TestCases.GPSNavigationTestCase">
        <test-method status="PASS" signature="BeforeSuite()[pri:0, instance:com.mapsynq.TestCases.GPSNavigationTestCase@3b94d659]" name="BeforeSuite" is-config="true" duration-ms="28" started-at="2019-12-10T14:13:06Z" description="Suite started" finished-at="2019-12-10T14:13:06Z">
          <reporter-output>
          </reporter-output>
        </test-method> <!-- BeforeSuite -->
        <test-method status="PASS" signature="BeforeTest()[pri:0, instance:com.mapsynq.TestCases.GPSNavigationTestCase@3b94d659]" name="BeforeTest" is-config="true" duration-ms="49607" started-at="2019-12-10T14:15:21Z" description="Driver initilization and pre test setup" finished-at="2019-12-10T14:16:11Z">
          <reporter-output>
          </reporter-output>
        </test-method> <!-- BeforeTest -->
        <test-method status="PASS" signature="GPSNavigationLaunch()[pri:0, instance:com.mapsynq.TestCases.GPSNavigationTestCase@3b94d659]" name="GPSNavigationLaunch" duration-ms="21394" started-at="2019-12-10T14:16:11Z" description="Successful GPSNavigation Launched" finished-at="2019-12-10T14:16:32Z">
          <reporter-output>
          </reporter-output>
        </test-method> <!-- GPSNavigationLaunch -->
        <test-method status="PASS" signature="AfterTest()[pri:0, instance:com.mapsynq.TestCases.GPSNavigationTestCase@3b94d659]" name="AfterTest" is-config="true" duration-ms="3995" started-at="2019-12-10T14:16:32Z" description="Driver teardown" finished-at="2019-12-10T14:16:36Z">
          <reporter-output>
          </reporter-output>
        </test-method> <!-- AfterTest -->
        <test-method status="PASS" signature="AfterSuite()[pri:0, instance:com.mapsynq.TestCases.GPSNavigationTestCase@3b94d659]" name="AfterSuite" is-config="true" duration-ms="5600" started-at="2019-12-10T14:16:36Z" description="Suite ended" finished-at="2019-12-10T14:16:42Z">
          <reporter-output>
          </reporter-output>
        </test-method> <!-- AfterSuite -->
      </class> <!-- com.mapsynq.TestCases.GPSNavigationTestCase -->
    </test> <!-- GPSNavigationTestTest -->
  </suite> <!-- Suite -->
</testng-results>
